SF:lib/logic/action.dart
DA:5,2
DA:9,4
DA:13,4
DA:17,4
DA:21,4
DA:25,4
DA:30,4
DA:34,2
DA:38,2
DA:42,2
LF:10
LH:10
end_of_record
SF:lib/logic/screens.dart
DA:21,1
DA:24,1
DA:25,3
DA:30,1
DA:33,1
DA:34,1
DA:35,1
DA:36,1
DA:37,1
DA:38,1
DA:43,1
DA:46,1
DA:47,3
DA:52,0
DA:55,0
DA:56,0
DA:61,1
DA:64,1
DA:70,1
DA:73,1
DA:79,1
DA:82,1
DA:88,1
DA:91,1
LF:24
LH:21
end_of_record
SF:lib/logic/status.dart
DA:1,6
DA:2,3
DA:3,3
DA:4,3
DA:5,3
LF:5
LH:5
end_of_record
SF:lib/ui/actionable_screen.dart
DA:10,2
DA:12,1
DA:14,1
DA:15,1
DA:16,1
DA:17,1
DA:19,1
DA:20,1
DA:22,1
DA:23,1
DA:24,1
DA:25,1
DA:26,1
DA:27,2
DA:28,1
DA:35,1
DA:36,1
DA:38,2
DA:39,3
DA:40,1
DA:49,1
DA:50,1
DA:51,1
DA:52,1
DA:53,1
DA:55,1
DA:56,1
DA:57,1
DA:58,1
DA:61,3
LF:30
LH:30
end_of_record
SF:lib/logic/navigator.dart
DA:7,0
DA:9,1
DA:10,1
DA:11,1
DA:12,1
DA:13,1
DA:14,1
DA:15,1
DA:16,1
DA:17,1
DA:18,1
DA:20,0
DA:24,1
DA:25,1
DA:26,1
DA:27,1
DA:28,1
DA:29,1
DA:31,1
DA:35,1
DA:36,1
DA:37,1
DA:38,1
DA:39,1
DA:40,1
DA:41,1
DA:42,1
DA:43,1
DA:44,1
DA:46,1
DA:50,1
DA:51,1
DA:52,1
DA:53,1
DA:54,1
DA:55,1
DA:57,1
DA:61,1
DA:62,1
DA:63,1
DA:64,1
DA:65,1
DA:66,1
DA:67,1
DA:68,1
DA:70,1
LF:46
LH:44
end_of_record
SF:lib/ui/result_screen.dart
DA:11,2
DA:13,1
DA:15,1
DA:16,1
DA:17,1
DA:18,1
DA:20,1
DA:21,1
DA:22,1
DA:23,1
DA:24,1
DA:25,1
DA:26,2
DA:27,1
DA:33,1
DA:34,1
DA:36,1
DA:37,1
DA:38,1
DA:39,2
DA:41,1
DA:42,1
DA:43,1
DA:44,0
DA:54,1
DA:55,2
DA:56,1
DA:58,1
DA:60,1
DA:62,1
LF:30
LH:29
end_of_record
